Temp/gradleOut/launcher/build/intermediates/manifest_merge_blame_file/release/manifest-merger-blame-release-report.txt
1<?xml version="1.0" encoding="utf-8"?>
2<!-- GENERATED BY UNITY. REMOVE THIS COMMENT TO PREVENT OVERWRITING WHEN EXPORTING AGAIN -->
3<manifest xmlns:android="http://schemas.android.com/apk/res/android"
4    package="com.Cedo.COPA_2020"
5    android:installLocation="preferExternal"
6    android:versionCode="1"
7    android:versionName="0.1" >
8
9    <uses-sdk
10        android:minSdkVersion="19"
10-->src/main/AndroidManifest.xml
11        android:targetSdkVersion="29" />
11-->src/main/AndroidManifest.xml
12
13    <supports-screens
13-->src/main/AndroidManifest.xml:4:3-163
14        android:anyDensity="true"
14-->src/main/AndroidManifest.xml:4:135-160
15        android:largeScreens="true"
15-->src/main/AndroidManifest.xml:4:78-105
16        android:normalScreens="true"
16-->src/main/AndroidManifest.xml:4:49-77
17        android:smallScreens="true"
17-->src/main/AndroidManifest.xml:4:21-48
18        android:xlargeScreens="true" />
18-->src/main/AndroidManifest.xml:4:106-134
19
20    <uses-feature android:glEsVersion="0x00020000" />
20-->[:unityLibrary] AndroidManifest.xml:13:5-54
20-->[:unityLibrary] AndroidManifest.xml:13:19-51
21
22    <uses-permission android:name="android.permission.INTERNET" />
22-->[:unityLibrary] AndroidManifest.xml:15:5-67
22-->[:unityLibrary] AndroidManifest.xml:15:22-64
23
24    <uses-feature
24-->[:unityLibrary] AndroidManifest.xml:17:5-19:36
25        android:name="android.hardware.sensor.accelerometer"
25-->[:unityLibrary] AndroidManifest.xml:18:9-61
26        android:required="false" />
26-->[:unityLibrary] AndroidManifest.xml:19:9-33
27    <uses-feature
27-->[:unityLibrary] AndroidManifest.xml:20:5-22:36
28        android:name="android.hardware.touchscreen"
28-->[:unityLibrary] AndroidManifest.xml:21:9-52
29        android:required="false" />
29-->[:unityLibrary] AndroidManifest.xml:22:9-33
30    <uses-feature
30-->[:unityLibrary] AndroidManifest.xml:23:5-25:36
31        android:name="android.hardware.touchscreen.multitouch"
31-->[:unityLibrary] AndroidManifest.xml:24:9-63
32        android:required="false" />
32-->[:unityLibrary] AndroidManifest.xml:25:9-33
33    <uses-feature
33-->[:unityLibrary] AndroidManifest.xml:26:5-28:36
34        android:name="android.hardware.touchscreen.multitouch.distinct"
34-->[:unityLibrary] AndroidManifest.xml:27:9-72
35        android:required="false" />
35-->[:unityLibrary] AndroidManifest.xml:28:9-33
36
37    <uses-permission android:name="android.permission.ACCESS_NETWORK_STATE" />
37-->[:UnityAds:] AndroidManifest.xml:9:5-79
37-->[:UnityAds:] AndroidManifest.xml:9:22-76
38    <uses-permission android:name="com.android.vending.BILLING" />
38-->[:billing-3.0.3:] AndroidManifest.xml:10:5-67
38-->[:billing-3.0.3:] AndroidManifest.xml:10:22-64
39
40    <application
40-->src/main/AndroidManifest.xml:5:3-154
41        android:banner="@drawable/app_banner"
41-->src/main/AndroidManifest.xml:5:114-151
42        android:extractNativeLibs="true"
42-->src/main/AndroidManifest.xml:5:16-48
43        android:icon="@mipmap/app_icon"
43-->src/main/AndroidManifest.xml:5:82-113
44        android:isGame="true"
44-->[:unityLibrary] AndroidManifest.xml:30:18-39
45        android:label="@string/app_name" >
45-->src/main/AndroidManifest.xml:5:49-81
46        <activity
46-->[:unityLibrary] AndroidManifest.xml:31:9-49:20
47            android:name="com.unity3d.player.UnityPlayerActivity"
47-->[:unityLibrary] AndroidManifest.xml:32:13-66
48            android:configChanges="mcc|mnc|locale|touchscreen|keyboard|keyboardHidden|navigation|orientation|screenLayout|uiMode|screenSize|smallestScreenSize|fontScale|layoutDirection|density"
48-->[:unityLibrary] AndroidManifest.xml:33:13-194
49            android:hardwareAccelerated="false"
49-->[:unityLibrary] AndroidManifest.xml:34:13-48
50            android:launchMode="singleTask"
50-->[:unityLibrary] AndroidManifest.xml:35:13-44
51            android:resizeableActivity="false"
51-->[:unityLibrary] AndroidManifest.xml:36:13-47
52            android:screenOrientation="reverseLandscape"
52-->[:unityLibrary] AndroidManifest.xml:37:13-57
53            android:theme="@style/UnityThemeSelector" >
53-->[:unityLibrary] AndroidManifest.xml:38:13-54
54            <intent-filter>
54-->[:unityLibrary] AndroidManifest.xml:39:13-44:29
55                <action android:name="android.intent.action.MAIN" />
55-->[:unityLibrary] AndroidManifest.xml:40:17-69
55-->[:unityLibrary] AndroidManifest.xml:40:25-66
56
57                <category android:name="android.intent.category.LAUNCHER" />
57-->[:unityLibrary] AndroidManifest.xml:42:17-77
57-->[:unityLibrary] AndroidManifest.xml:42:27-74
58                <category android:name="android.intent.category.LEANBACK_LAUNCHER" />
58-->[:unityLibrary] AndroidManifest.xml:43:17-86
58-->[:unityLibrary] AndroidManifest.xml:43:27-83
59            </intent-filter>
60
61            <meta-data
61-->[:unityLibrary] AndroidManifest.xml:46:13-48:40
62                android:name="unityplayer.UnityActivity"
62-->[:unityLibrary] AndroidManifest.xml:47:17-57
63                android:value="true" />
63-->[:unityLibrary] AndroidManifest.xml:48:17-37
64        </activity>
65
66        <meta-data
66-->[:unityLibrary] AndroidManifest.xml:51:9-53:33
67            android:name="unity.splash-mode"
67-->[:unityLibrary] AndroidManifest.xml:52:13-45
68            android:value="0" />
68-->[:unityLibrary] AndroidManifest.xml:53:13-30
69        <meta-data
69-->[:unityLibrary] AndroidManifest.xml:54:9-56:36
70            android:name="unity.splash-enable"
70-->[:unityLibrary] AndroidManifest.xml:55:13-47
71            android:value="True" />
71-->[:unityLibrary] AndroidManifest.xml:56:13-33
72        <meta-data
72-->[:unityLibrary] AndroidManifest.xml:57:9-59:37
73            android:name="unity.allow-resizable-window"
73-->[:unityLibrary] AndroidManifest.xml:58:13-56
74            android:value="False" />
74-->[:unityLibrary] AndroidManifest.xml:59:13-34
75        <meta-data
75-->[:unityLibrary] AndroidManifest.xml:60:9-62:68
76            android:name="unity.build-id"
76-->[:unityLibrary] AndroidManifest.xml:61:13-42
77            android:value="f46924ae-5360-4208-8296-fd13c8d83fbf" />
77-->[:unityLibrary] AndroidManifest.xml:62:13-65
78
79        <activity
79-->[:UnityAds:] AndroidManifest.xml:13:9-17:74
80            android:name="com.unity3d.services.ads.adunit.AdUnitActivity"
80-->[:UnityAds:] AndroidManifest.xml:14:13-74
81            android:configChanges="fontScale|keyboard|keyboardHidden|locale|mnc|mcc|navigation|orientation|screenLayout|screenSize|smallestScreenSize|uiMode|touchscreen"
81-->[:UnityAds:] AndroidManifest.xml:15:13-170
82            android:hardwareAccelerated="true"
82-->[:UnityAds:] AndroidManifest.xml:16:13-47
83            android:theme="@android:style/Theme.NoTitleBar.Fullscreen" />
83-->[:UnityAds:] AndroidManifest.xml:17:13-71
84        <activity
84-->[:UnityAds:] AndroidManifest.xml:18:9-22:86
85            android:name="com.unity3d.services.ads.adunit.AdUnitTransparentActivity"
85-->[:UnityAds:] AndroidManifest.xml:19:13-85
86            android:configChanges="fontScale|keyboard|keyboardHidden|locale|mnc|mcc|navigation|orientation|screenLayout|screenSize|smallestScreenSize|uiMode|touchscreen"
86-->[:UnityAds:] AndroidManifest.xml:20:13-170
87            android:hardwareAccelerated="true"
87-->[:UnityAds:] AndroidManifest.xml:21:13-47
88            android:theme="@android:style/Theme.Translucent.NoTitleBar.Fullscreen" />
88-->[:UnityAds:] AndroidManifest.xml:22:13-83
89        <activity
89-->[:UnityAds:] AndroidManifest.xml:23:9-27:86
90            android:name="com.unity3d.services.ads.adunit.AdUnitTransparentSoftwareActivity"
90-->[:UnityAds:] AndroidManifest.xml:24:13-93
91            android:configChanges="fontScale|keyboard|keyboardHidden|locale|mnc|mcc|navigation|orientation|screenLayout|screenSize|smallestScreenSize|uiMode|touchscreen"
91-->[:UnityAds:] AndroidManifest.xml:25:13-170
92            android:hardwareAccelerated="false"
92-->[:UnityAds:] AndroidManifest.xml:26:13-48
93            android:theme="@android:style/Theme.Translucent.NoTitleBar.Fullscreen" />
93-->[:UnityAds:] AndroidManifest.xml:27:13-83
94        <activity
94-->[:UnityAds:] AndroidManifest.xml:28:9-32:74
95            android:name="com.unity3d.services.ads.adunit.AdUnitSoftwareActivity"
95-->[:UnityAds:] AndroidManifest.xml:29:13-82
96            android:configChanges="fontScale|keyboard|keyboardHidden|locale|mnc|mcc|navigation|orientation|screenLayout|screenSize|smallestScreenSize|uiMode|touchscreen"
96-->[:UnityAds:] AndroidManifest.xml:30:13-170
97            android:hardwareAccelerated="false"
97-->[:UnityAds:] AndroidManifest.xml:31:13-48
98            android:theme="@android:style/Theme.NoTitleBar.Fullscreen" />
98-->[:UnityAds:] AndroidManifest.xml:32:13-71
99
100        <meta-data
100-->[:billing-3.0.3:] AndroidManifest.xml:13:9-15:37
101            android:name="com.google.android.play.billingclient.version"
101-->[:billing-3.0.3:] AndroidManifest.xml:14:13-73
102            android:value="3.0.3" />
102-->[:billing-3.0.3:] AndroidManifest.xml:15:13-34
103
104        <activity
104-->[:billing-3.0.3:] AndroidManifest.xml:17:9-21:75
105            android:name="com.android.billingclient.api.ProxyBillingActivity"
105-->[:billing-3.0.3:] AndroidManifest.xml:18:13-78
106            android:configChanges="keyboard|keyboardHidden|screenLayout|screenSize|orientation"
106-->[:billing-3.0.3:] AndroidManifest.xml:19:13-96
107            android:exported="false"
107-->[:billing-3.0.3:] AndroidManifest.xml:20:13-37
108            android:theme="@android:style/Theme.Translucent.NoTitleBar" />
108-->[:billing-3.0.3:] AndroidManifest.xml:21:13-72
109    </application>
110
111</manifest>